<?xml version="1.0" encoding="UTF-8"?>
<!-- Generated by org.testng.reporters.JUnitReportReporter -->
<testsuite hostname="DESKTOP-2NOVUGK" failures="0" tests="2" name="RestTest.ECommerceUsers" time="18.604" errors="0" timestamp="16 Mar 2022 14:57:59 GMT">
  <testcase classname="RestTest.ECommerceUsers" name="signup" time="14.654"/>
  <testcase classname="RestTest.ECommerceUsers" name="Login" time="3.950"/>
</testsuite> <!-- RestTest.ECommerceUsers -->
