<?xml version="1.0" encoding="UTF-8"?>
<!-- Generated by org.testng.reporters.JUnitReportReporter -->
<testsuite hostname="DESKTOP-2NOVUGK" failures="0" tests="1" name="RestTesting.ECommerceUsers" time="2.917" errors="0" timestamp="16 Mar 2022 14:54:54 GMT">
  <testcase classname="RestTesting.ECommerceUsers" name="signup" time="2.917"/>
</testsuite> <!-- RestTesting.ECommerceUsers -->
