<?xml version="1.0" encoding="UTF-8"?>
<!-- Generated by org.testng.reporters.JUnitReportReporter -->
<testsuite hostname="DESKTOP-2NOVUGK" failures="0" tests="3" name="RestTesting.Trello" time="6.362" errors="0" timestamp="16 Mar 2022 06:59:27 GMT">
  <testcase classname="RestTesting.Trello" name="deleteBoard" time="0.880"/>
  <testcase classname="RestTesting.Trello" name="createBoard" time="4.546"/>
  <testcase classname="RestTesting.Trello" name="getBoard" time="0.936"/>
</testsuite> <!-- RestTesting.Trello -->
